#
# A fatal error has been detected by the Java Runtime Environment:
#
#  EXCEPTION_ACCESS_VIOLATION (0xc0000005) at pc=0x67f639d8, pid=10960, tid=0x000011d0
#
# JRE version: Java(TM) SE Runtime Environment (8.0_241-b07) (build 1.8.0_241-b07)
# Java VM: Java HotSpot(TM) Client VM (25.241-b07 mixed mode windows-x86 )
# Problematic frame:
# V  [jvm.dll+0x839d8]
#
# Failed to write core dump. Minidumps are not enabled by default on client versions of Windows
#
# If you would like to submit a bug report, please visit:
#   http://bugreport.java.com/bugreport/crash.jsp
#

---------------  T H R E A D  ---------------

Current thread (0x14d01000):  JavaThread "grpc-default-executor-0" daemon [_thread_in_vm, id=4560, stack(0x19410000,0x19460000)]

siginfo: ExceptionCode=0xc0000005, reading address 0xffff0064

Registers:
EAX=0xffff0014, EBX=0x14dba618, ECX=0x0256be68, EDX=0x0256be68
ESP=0x1945ebc4, EBP=0x1945ebc4, ESI=0x14d01000, EDI=0x1945ee28
EIP=0x67f639d8, EFLAGS=0x00010246

Top of Stack: (sp=0x1945ebc4)
0x1945ebc4:   1945ece4 67f63fa2 1945ee28 0256be68
0x1945ebd4:   14dba618 025829e8 00000001 00000000
0x1945ebe4:   14d01000 14d01000 1945ee28 15886660
0x1945ebf4:   14dba618 14d01000 1945ed1c 67f64137
0x1945ec04:   1945ee54 15886660 00000000 02571fc0
0x1945ec14:   025829e8 681be5f4 155135c0 14d01000
0x1945ec24:   1945ee54 67f64147 0256dd30 00000148
0x1945ec34:   1563c580 0256be68 00000124 0045eea4 

Instructions: (pc=0x67f639d8)
0x67f639b8:   58 1c c7 40 20 00 00 00 00 5b 8b e5 5d c2 08 00
0x67f639c8:   cc cc cc cc cc cc cc cc 55 8b ec 8b 4d 0c 8b 01
0x67f639d8:   8b 50 50 83 ec 08 53 8b 5d 10 56 57 8b 7d 14 6a
0x67f639e8:   01 57 53 ff d2 8b 4d 0c 83 79 04 00 8b f0 7d 38 


Register to memory mapping:

EAX=0xffff0014 is an unknown value
EBX=0x14dba618 is an unknown value
ECX=0x0256be68 is an unknown value
EDX=0x0256be68 is an unknown value
ESP=0x1945ebc4 is pointing into the stack for thread: 0x14d01000
EBP=0x1945ebc4 is pointing into the stack for thread: 0x14d01000
ESI=0x14d01000 is a thread
EDI=0x1945ee28 is pointing into the stack for thread: 0x14d01000


Stack: [0x19410000,0x19460000],  sp=0x1945ebc4,  free space=314k
Native frames: (J=compiled Java code, j=interpreted, Vv=VM code, C=native code)
V  [jvm.dll+0x839d8]
V  [jvm.dll+0x83fa2]
V  [jvm.dll+0x84b84]
V  [jvm.dll+0x86517]
V  [jvm.dll+0x86f7e]
V  [jvm.dll+0x8739c]
V  [jvm.dll+0x82887]
j  java.util.concurrent.atomic.AtomicReferenceArray.get(I)Ljava/lang/Object;+3
j  io.netty.util.DefaultAttributeMap.attr(Lio/netty/util/AttributeKey;)Lio/netty/util/Attribute;+49
j  io.netty.bootstrap.AbstractBootstrap.setAttributes(Lio/netty/channel/Channel;[Ljava/util/Map$Entry;)V+35
j  io.netty.bootstrap.Bootstrap.init(Lio/netty/channel/Channel;)V+60
j  io.netty.bootstrap.AbstractBootstrap.initAndRegister()Lio/netty/channel/ChannelFuture;+14
j  io.netty.bootstrap.AbstractBootstrap.register()Lio/netty/channel/ChannelFuture;+6
j  io.grpc.netty.NettyClientTransport.start(Lio/grpc/internal/ManagedClientTransport$Listener;)Ljava/lang/Runnable;+325
j  io.grpc.internal.ForwardingConnectionClientTransport.start(Lio/grpc/internal/ManagedClientTransport$Listener;)Ljava/lang/Runnable;+5
j  io.grpc.internal.ForwardingConnectionClientTransport.start(Lio/grpc/internal/ManagedClientTransport$Listener;)Ljava/lang/Runnable;+5
j  io.grpc.internal.InternalSubchannel.startNewTransport()V+231
j  io.grpc.internal.InternalSubchannel.access$400(Lio/grpc/internal/InternalSubchannel;)V+1
j  io.grpc.internal.InternalSubchannel$2.run()V+45
j  io.grpc.SynchronizationContext.drain()V+33
j  io.grpc.SynchronizationContext.execute(Ljava/lang/Runnable;)V+6
j  io.grpc.internal.ManagedChannelImpl$NameResolverListener.onResult(Lio/grpc/NameResolver$ResolutionResult;)V+16
j  io.grpc.internal.DnsNameResolver$Resolve.run()V+274
j  java.util.concurrent.ThreadPoolExecutor.runWorker(Ljava/util/concurrent/ThreadPoolExecutor$Worker;)V+95
j  java.util.concurrent.ThreadPoolExecutor$Worker.run()V+5
j  java.lang.Thread.run()V+11
v  ~StubRoutines::call_stub
V  [jvm.dll+0x15c5c5]
V  [jvm.dll+0x228b6e]
V  [jvm.dll+0x15c65e]
V  [jvm.dll+0x15c7e6]
V  [jvm.dll+0x15c857]
V  [jvm.dll+0x10025f]
V  [jvm.dll+0x17f930]
V  [jvm.dll+0x1801aa]
V  [jvm.dll+0x1c6ef6]
C  [msvcr100.dll+0x5c556]
C  [msvcr100.dll+0x5c600]
C  [KERNEL32.DLL+0x16359]
C  [ntdll.dll+0x68944]
C  [ntdll.dll+0x68914]
C  0x00000000

Java frames: (J=compiled Java code, j=interpreted, Vv=VM code)
j  java.util.concurrent.atomic.AtomicReferenceArray.get(I)Ljava/lang/Object;+3
j  io.netty.util.DefaultAttributeMap.attr(Lio/netty/util/AttributeKey;)Lio/netty/util/Attribute;+49
j  io.netty.bootstrap.AbstractBootstrap.setAttributes(Lio/netty/channel/Channel;[Ljava/util/Map$Entry;)V+35
j  io.netty.bootstrap.Bootstrap.init(Lio/netty/channel/Channel;)V+60
j  io.netty.bootstrap.AbstractBootstrap.initAndRegister()Lio/netty/channel/ChannelFuture;+14
j  io.netty.bootstrap.AbstractBootstrap.register()Lio/netty/channel/ChannelFuture;+6
j  io.grpc.netty.NettyClientTransport.start(Lio/grpc/internal/ManagedClientTransport$Listener;)Ljava/lang/Runnable;+325
j  io.grpc.internal.ForwardingConnectionClientTransport.start(Lio/grpc/internal/ManagedClientTransport$Listener;)Ljava/lang/Runnable;+5
j  io.grpc.internal.ForwardingConnectionClientTransport.start(Lio/grpc/internal/ManagedClientTransport$Listener;)Ljava/lang/Runnable;+5
j  io.grpc.internal.InternalSubchannel.startNewTransport()V+231
j  io.grpc.internal.InternalSubchannel.access$400(Lio/grpc/internal/InternalSubchannel;)V+1
j  io.grpc.internal.InternalSubchannel$2.run()V+45
j  io.grpc.SynchronizationContext.drain()V+33
j  io.grpc.SynchronizationContext.execute(Ljava/lang/Runnable;)V+6
j  io.grpc.internal.ManagedChannelImpl$NameResolverListener.onResult(Lio/grpc/NameResolver$ResolutionResult;)V+16
j  io.grpc.internal.DnsNameResolver$Resolve.run()V+274
j  java.util.concurrent.ThreadPoolExecutor.runWorker(Ljava/util/concurrent/ThreadPoolExecutor$Worker;)V+95
j  java.util.concurrent.ThreadPoolExecutor$Worker.run()V+5
j  java.lang.Thread.run()V+11
v  ~StubRoutines::call_stub

---------------  P R O C E S S  ---------------

Java Threads: ( => current thread )
  0x14d00c00 JavaThread "nioEventLoopGroup-3-5" [_thread_blocked, id=10808, stack(0x196c0000,0x19710000)]
  0x14d00000 JavaThread "grpc-default-executor-2" daemon [_thread_blocked, id=8140, stack(0x19530000,0x19580000)]
  0x14d00400 JavaThread "grpc-default-executor-1" daemon [_thread_blocked, id=12400, stack(0x194a0000,0x194f0000)]
=>0x14d01000 JavaThread "grpc-default-executor-0" daemon [_thread_in_vm, id=4560, stack(0x19410000,0x19460000)]
  0x164bfc00 JavaThread "grpc-nio-worker-ELG-2-1" daemon [_thread_in_native, id=7728, stack(0x19380000,0x193d0000)]
  0x164bf000 JavaThread "pool-2-thread-1" daemon [_thread_in_native, id=3300, stack(0x191b0000,0x19200000)]
  0x16466400 JavaThread "nioEventLoopGroup-3-4" [_thread_in_native, id=7780, stack(0x18110000,0x18160000)]
  0x1646e800 JavaThread "nioEventLoopGroup-3-3" [_thread_in_native, id=7476, stack(0x17070000,0x170c0000)]
  0x16419c00 JavaThread "nioEventLoopGroup-3-2" [_thread_in_native, id=5048, stack(0x16fe0000,0x17030000)]
  0x163e2000 JavaThread "nioEventLoopGroup-3-1" [_thread_in_native, id=6976, stack(0x16e50000,0x16ea0000)]
  0x163e1800 JavaThread "Thread-3" [_thread_in_native, id=864, stack(0x16cc0000,0x16d10000)]
  0x163e1400 JavaThread "Timer-0" [_thread_blocked, id=13684, stack(0x16c30000,0x16c80000)]
  0x163e0c00 JavaThread "server-timer" daemon [_thread_blocked, id=1636, stack(0x16ba0000,0x16bf0000)]
  0x14c8ec00 JavaThread "Service Thread" daemon [_thread_blocked, id=10816, stack(0x15300000,0x15350000)]
  0x14c89000 JavaThread "C1 CompilerThread0" daemon [_thread_blocked, id=3116, stack(0x15270000,0x152c0000)]
  0x14c87c00 JavaThread "Attach Listener" daemon [_thread_blocked, id=9892, stack(0x151e0000,0x15230000)]
  0x14c90800 JavaThread "Signal Dispatcher" daemon [_thread_blocked, id=10868, stack(0x15150000,0x151a0000)]
  0x14c7b400 JavaThread "Finalizer" daemon [_thread_blocked, id=1608, stack(0x14fc0000,0x15010000)]
  0x14c65400 JavaThread "Reference Handler" daemon [_thread_blocked, id=9744, stack(0x14f30000,0x14f80000)]
  0x0265d000 JavaThread "main" [_thread_blocked, id=14200, stack(0x02490000,0x024e0000)]

Other Threads:
  0x0264e400 VMThread [stack: 0x14ea0000,0x14ef0000] [id=13332]
  0x14cb8000 WatcherThread [stack: 0x15390000,0x153e0000] [id=10552]

VM state:synchronizing (normal execution)

VM Mutex/Monitor currently owned by a thread:  ([mutex/lock_event])
[0x0265c7a8] Threads_lock - owner thread: 0x0264e400

Heap:
 def new generation   total 4992K, used 4446K [0x04800000, 0x04d60000, 0x09d50000)
  eden space 4480K,  87% used [0x04800000, 0x04bd7910, 0x04c60000)
  from space 512K, 100% used [0x04ce0000, 0x04d60000, 0x04d60000)
  to   space 512K,   0% used [0x04c60000, 0x04c60000, 0x04ce0000)
 tenured generation   total 10944K, used 8046K [0x09d50000, 0x0a800000, 0x14800000)
   the space 10944K,  73% used [0x09d50000, 0x0a52b978, 0x0a52ba00, 0x0a800000)
 Metaspace       used 15693K, capacity 15874K, committed 16000K, reserved 16768K

Card table byte_map: [0x046e0000,0x04770000] byte_map_base: 0x046bc000

Polling page: 0x00870000

CodeCache: size=32768Kb used=1436Kb max_used=1436Kb free=31331Kb
 bounds [0x02660000, 0x027c8000, 0x04660000]
 total_blobs=817 nmethods=626 adapters=121
 compilation: enabled

Compilation events (10 events):
Event: 17.878 Thread 0x14c89000  622             java.lang.Class::checkInitted (19 bytes)
Event: 17.878 Thread 0x14c89000 nmethod 622 0x027c3888 code [0x027c3990, 0x027c3a5c]
Event: 17.909 Thread 0x14c89000  623   !         java.lang.invoke.MemberName::getMethodType (208 bytes)
Event: 17.910 Thread 0x14c89000 nmethod 623 0x027c4d48 code [0x027c4ec0, 0x027c5448]
Event: 17.911 Thread 0x14c89000  627             java.lang.invoke.MethodType::checkSlotCount (33 bytes)
Event: 17.911 Thread 0x14c89000 nmethod 627 0x027c5c08 code [0x027c5d40, 0x027c5fa0]
Event: 17.912 Thread 0x14c89000  628             sun.nio.cs.US_ASCII$Encoder::encode (107 bytes)
Event: 17.912 Thread 0x14c89000 nmethod 628 0x027c6148 code [0x027c6250, 0x027c6470]
Event: 18.064 Thread 0x14c89000  634             java.util.jar.JarFile::getEntry (22 bytes)
Event: 18.065 Thread 0x14c89000 nmethod 634 0x027c7208 code [0x027c7320, 0x027c7448]

GC Heap History (10 events):
Event: 1.671 GC heap before
{Heap before GC invocations=9 (full 0):
 def new generation   total 4928K, used 4928K [0x04800000, 0x04d50000, 0x09d50000)
  eden space 4416K, 100% used [0x04800000, 0x04c50000, 0x04c50000)
  from space 512K, 100% used [0x04cd0000, 0x04d50000, 0x04d50000)
  to   space 512K,   0% used [0x04c50000, 0x04c50000, 0x04cd0000)
 tenured generation   total 10944K, used 8912K [0x09d50000, 0x0a800000, 0x14800000)
   the space 10944K,  81% used [0x09d50000, 0x0a604130, 0x0a604200, 0x0a800000)
 Metaspace       used 11596K, capacity 11748K, committed 11904K, reserved 12672K
Event: 1.676 GC heap after
Heap after GC invocations=10 (full 0):
 def new generation   total 4928K, used 512K [0x04800000, 0x04d50000, 0x09d50000)
  eden space 4416K,   0% used [0x04800000, 0x04800000, 0x04c50000)
  from space 512K, 100% used [0x04c50000, 0x04cd0000, 0x04cd0000)
  to   space 512K,   0% used [0x04cd0000, 0x04cd0000, 0x04d50000)
 tenured generation   total 10944K, used 10322K [0x09d50000, 0x0a800000, 0x14800000)
   the space 10944K,  94% used [0x09d50000, 0x0a764b88, 0x0a764c00, 0x0a800000)
 Metaspace       used 11596K, capacity 11748K, committed 11904K, reserved 12672K
}
Event: 1.727 GC heap before
{Heap before GC invocations=10 (full 0):
 def new generation   total 4928K, used 3489K [0x04800000, 0x04d50000, 0x09d50000)
  eden space 4416K,  67% used [0x04800000, 0x04ae8468, 0x04c50000)
  from space 512K, 100% used [0x04c50000, 0x04cd0000, 0x04cd0000)
  to   space 512K,   0% used [0x04cd0000, 0x04cd0000, 0x04d50000)
 tenured generation   total 10944K, used 10322K [0x09d50000, 0x0a800000, 0x14800000)
   the space 10944K,  94% used [0x09d50000, 0x0a764b88, 0x0a764c00, 0x0a800000)
 Metaspace       used 12081K, capacity 12228K, committed 12288K, reserved 12672K
Event: 1.742 GC heap after
Heap after GC invocations=11 (full 1):
 def new generation   total 4992K, used 0K [0x04800000, 0x04d60000, 0x09d50000)
  eden space 4480K,   0% used [0x04800000, 0x04800000, 0x04c60000)
  from space 512K,   0% used [0x04c60000, 0x04c60000, 0x04ce0000)
  to   space 512K,   0% used [0x04ce0000, 0x04ce0000, 0x04d60000)
 tenured generation   total 10944K, used 4391K [0x09d50000, 0x0a800000, 0x14800000)
   the space 10944K,  40% used [0x09d50000, 0x0a199f70, 0x0a19a000, 0x0a800000)
 Metaspace       used 12081K, capacity 12228K, committed 12288K, reserved 12672K
}
Event: 1.842 GC heap before
{Heap before GC invocations=11 (full 1):
 def new generation   total 4992K, used 4480K [0x04800000, 0x04d60000, 0x09d50000)
  eden space 4480K, 100% used [0x04800000, 0x04c60000, 0x04c60000)
  from space 512K,   0% used [0x04c60000, 0x04c60000, 0x04ce0000)
  to   space 512K,   0% used [0x04ce0000, 0x04ce0000, 0x04d60000)
 tenured generation   total 10944K, used 4391K [0x09d50000, 0x0a800000, 0x14800000)
   the space 10944K,  40% used [0x09d50000, 0x0a199f70, 0x0a19a000, 0x0a800000)
 Metaspace       used 13065K, capacity 13252K, committed 13312K, reserved 13696K
Event: 1.845 GC heap after
Heap after GC invocations=12 (full 1):
 def new generation   total 4992K, used 512K [0x04800000, 0x04d60000, 0x09d50000)
  eden space 4480K,   0% used [0x04800000, 0x04800000, 0x04c60000)
  from space 512K, 100% used [0x04ce0000, 0x04d60000, 0x04d60000)
  to   space 512K,   0% used [0x04c60000, 0x04c60000, 0x04ce0000)
 tenured generation   total 10944K, used 5598K [0x09d50000, 0x0a800000, 0x14800000)
   the space 10944K,  51% used [0x09d50000, 0x0a2c7bf0, 0x0a2c7c00, 0x0a800000)
 Metaspace       used 13065K, capacity 13252K, committed 13312K, reserved 13696K
}
Event: 2.550 GC heap before
{Heap before GC invocations=12 (full 1):
 def new generation   total 4992K, used 4992K [0x04800000, 0x04d60000, 0x09d50000)
  eden space 4480K, 100% used [0x04800000, 0x04c60000, 0x04c60000)
  from space 512K, 100% used [0x04ce0000, 0x04d60000, 0x04d60000)
  to   space 512K,   0% used [0x04c60000, 0x04c60000, 0x04ce0000)
 tenured generation   total 10944K, used 5598K [0x09d50000, 0x0a800000, 0x14800000)
   the space 10944K,  51% used [0x09d50000, 0x0a2c7bf0, 0x0a2c7c00, 0x0a800000)
 Metaspace       used 14136K, capacity 14311K, committed 14464K, reserved 14720K
Event: 2.554 GC heap after
Heap after GC invocations=13 (full 1):
 def new generation   total 4992K, used 511K [0x04800000, 0x04d60000, 0x09d50000)
  eden space 4480K,   0% used [0x04800000, 0x04800000, 0x04c60000)
  from space 512K,  99% used [0x04c60000, 0x04cdfff8, 0x04ce0000)
  to   space 512K,   0% used [0x04ce0000, 0x04ce0000, 0x04d60000)
 tenured generation   total 10944K, used 6784K [0x09d50000, 0x0a800000, 0x14800000)
   the space 10944K,  61% used [0x09d50000, 0x0a3f0058, 0x0a3f0200, 0x0a800000)
 Metaspace       used 14136K, capacity 14311K, committed 14464K, reserved 14720K
}
Event: 17.966 GC heap before
{Heap before GC invocations=13 (full 1):
 def new generation   total 4992K, used 4988K [0x04800000, 0x04d60000, 0x09d50000)
  eden space 4480K,  99% used [0x04800000, 0x04c5f088, 0x04c60000)
  from space 512K,  99% used [0x04c60000, 0x04cdfff8, 0x04ce0000)
  to   space 512K,   0% used [0x04ce0000, 0x04ce0000, 0x04d60000)
 tenured generation   total 10944K, used 6784K [0x09d50000, 0x0a800000, 0x14800000)
   the space 10944K,  61% used [0x09d50000, 0x0a3f0058, 0x0a3f0200, 0x0a800000)
 Metaspace       used 14956K, capacity 15136K, committed 15232K, reserved 15744K
Event: 17.969 GC heap after
Heap after GC invocations=14 (full 1):
 def new generation   total 4992K, used 512K [0x04800000, 0x04d60000, 0x09d50000)
  eden space 4480K,   0% used [0x04800000, 0x04800000, 0x04c60000)
  from space 512K, 100% used [0x04ce0000, 0x04d60000, 0x04d60000)
  to   space 512K,   0% used [0x04c60000, 0x04c60000, 0x04ce0000)
 tenured generation   total 10944K, used 8046K [0x09d50000, 0x0a800000, 0x14800000)
   the space 10944K,  73% used [0x09d50000, 0x0a52b978, 0x0a52ba00, 0x0a800000)
 Metaspace       used 14956K, capacity 15136K, committed 15232K, reserved 15744K
}

Deoptimization events (0 events):
No events

Classes redefined (0 events):
No events

Internal exceptions (10 events):
Event: 1.250 Thread 0x0265d000 Exception <a 'java/lang/ExceptionInInitializerError'> (0x0498d7a0) thrown at [C:\ade\jenkins\workspace\8-2-build-windows-i586-cygwin\jdk8u241\331\hotspot\src\share\vm\oops\instanceKlass.cpp, line 964]
Event: 1.745 Thread 0x0265d000 Exception <a 'java/lang/ArrayIndexOutOfBoundsException'> (0x048122e8) thrown at [C:\ade\jenkins\workspace\8-2-build-windows-i586-cygwin\jdk8u241\331\hotspot\src\share\vm\runtime\sharedRuntime.cpp, line 605]
Event: 1.745 Thread 0x0265d000 Exception <a 'java/lang/ArrayIndexOutOfBoundsException'> (0x04812f88) thrown at [C:\ade\jenkins\workspace\8-2-build-windows-i586-cygwin\jdk8u241\331\hotspot\src\share\vm\runtime\sharedRuntime.cpp, line 605]
Event: 1.746 Thread 0x0265d000 Exception <a 'java/lang/ArrayIndexOutOfBoundsException'> (0x04814098) thrown at [C:\ade\jenkins\workspace\8-2-build-windows-i586-cygwin\jdk8u241\331\hotspot\src\share\vm\runtime\sharedRuntime.cpp, line 605]
Event: 2.524 Thread 0x1646e800 Exception <a 'java/lang/ArrayIndexOutOfBoundsException'> (0x04b49a08) thrown at [C:\ade\jenkins\workspace\8-2-build-windows-i586-cygwin\jdk8u241\331\hotspot\src\share\vm\runtime\sharedRuntime.cpp, line 605]
Event: 2.524 Thread 0x1646e800 Exception <a 'java/lang/ArrayIndexOutOfBoundsException'> (0x04b4adc8) thrown at [C:\ade\jenkins\workspace\8-2-build-windows-i586-cygwin\jdk8u241\331\hotspot\src\share\vm\runtime\sharedRuntime.cpp, line 605]
Event: 2.526 Thread 0x1646e800 Exception <a 'java/lang/ArrayIndexOutOfBoundsException'> (0x04b6a918) thrown at [C:\ade\jenkins\workspace\8-2-build-windows-i586-cygwin\jdk8u241\331\hotspot\src\share\vm\runtime\sharedRuntime.cpp, line 605]
Event: 2.526 Thread 0x1646e800 Exception <a 'java/lang/ArrayIndexOutOfBoundsException'> (0x04b6b8c0) thrown at [C:\ade\jenkins\workspace\8-2-build-windows-i586-cygwin\jdk8u241\331\hotspot\src\share\vm\runtime\sharedRuntime.cpp, line 605]
Event: 2.546 Thread 0x1646e800 Exception <a 'java/lang/ArrayIndexOutOfBoundsException'> (0x04c4dc28) thrown at [C:\ade\jenkins\workspace\8-2-build-windows-i586-cygwin\jdk8u241\331\hotspot\src\share\vm\runtime\sharedRuntime.cpp, line 605]
Event: 2.546 Thread 0x1646e800 Exception <a 'java/lang/ArrayIndexOutOfBoundsException'> (0x04c50a70) thrown at [C:\ade\jenkins\workspace\8-2-build-windows-i586-cygwin\jdk8u241\331\hotspot\src\share\vm\runtime\sharedRuntime.cpp, line 605]

Events (10 events):
Event: 18.067 loading class io/netty/resolver/AddressResolverGroup
Event: 18.067 loading class io/netty/resolver/AddressResolverGroup done
Event: 18.067 loading class io/netty/resolver/DefaultAddressResolverGroup
Event: 18.067 loading class io/netty/resolver/DefaultAddressResolverGroup done
Event: 18.067 loading class io/netty/bootstrap/BootstrapConfig
Event: 18.067 loading class io/netty/bootstrap/BootstrapConfig done
Event: 18.068 loading class io/grpc/netty/WriteBufferingAndExceptionHandler
Event: 18.068 loading class io/grpc/netty/WriteBufferingAndExceptionHandler done
Event: 18.070 loading class java/util/concurrent/ConcurrentHashMap$MapEntry
Event: 18.071 loading class java/util/concurrent/ConcurrentHashMap$MapEntry done


Dynamic libraries:
0x00d20000 - 0x00d53000 	C:\Program Files (x86)\Common Files\Oracle\Java\javapath\java.exe
0x770b0000 - 0x7724a000 	C:\Windows\SYSTEM32\ntdll.dll
0x76ba0000 - 0x76c80000 	C:\Windows\System32\KERNEL32.DLL
0x75880000 - 0x75a7f000 	C:\Windows\System32\KERNELBASE.dll
0x6df50000 - 0x6dfef000 	C:\Windows\SYSTEM32\apphelp.dll
0x75700000 - 0x75779000 	C:\Windows\System32\ADVAPI32.dll
0x761b0000 - 0x7626f000 	C:\Windows\System32\msvcrt.dll
0x76e60000 - 0x76ed6000 	C:\Windows\System32\sechost.dll
0x76400000 - 0x764bb000 	C:\Windows\System32\RPCRT4.dll
0x74880000 - 0x748a5000 	C:\Windows\System32\SspiCli.dll
0x74870000 - 0x7487a000 	C:\Windows\System32\CRYPTBASE.dll
0x76380000 - 0x763e0000 	C:\Windows\System32\bcryptPrimitives.dll
0x76010000 - 0x761a8000 	C:\Windows\System32\USER32.dll
0x74d90000 - 0x74da7000 	C:\Windows\System32\win32u.dll
0x74db0000 - 0x74dd1000 	C:\Windows\System32\GDI32.dll
0x74e00000 - 0x74f5d000 	C:\Windows\System32\gdi32full.dll
0x74d00000 - 0x74d7c000 	C:\Windows\System32\msvcp_win.dll
0x76a80000 - 0x76ba0000 	C:\Windows\System32\ucrtbase.dll
0x6bd40000 - 0x6bf4f000 	C:\Windows\WinSxS\x86_microsoft.windows.common-controls_6595b64144ccf1df_6.0.18362.1316_none_e6276d26f8de04dd\COMCTL32.dll
0x75a80000 - 0x75cf6000 	C:\Windows\System32\combase.dll
0x75fe0000 - 0x76005000 	C:\Windows\System32\IMM32.DLL
0x6c490000 - 0x6c54f000 	C:\Program Files (x86)\Java\jre1.8.0_241\bin\msvcr100.dll
0x67ee0000 - 0x682ba000 	C:\Program Files (x86)\Java\jre1.8.0_241\bin\client\jvm.dll
0x76cd0000 - 0x76cd6000 	C:\Windows\System32\PSAPI.DLL
0x6b5a0000 - 0x6b5c4000 	C:\Windows\SYSTEM32\WINMM.dll
0x6c9c0000 - 0x6c9c8000 	C:\Windows\SYSTEM32\WSOCK32.dll
0x74060000 - 0x74068000 	C:\Windows\SYSTEM32\VERSION.dll
0x77040000 - 0x7709e000 	C:\Windows\System32\WS2_32.dll
0x6b570000 - 0x6b593000 	C:\Windows\SYSTEM32\WINMMBASE.dll
0x76a40000 - 0x76a7b000 	C:\Windows\System32\cfgmgr32.dll
0x6c9b0000 - 0x6c9bc000 	C:\Program Files (x86)\Java\jre1.8.0_241\bin\verify.dll
0x6c980000 - 0x6c9a1000 	C:\Program Files (x86)\Java\jre1.8.0_241\bin\java.dll
0x6c960000 - 0x6c974000 	C:\Program Files (x86)\Java\jre1.8.0_241\bin\zip.dll
0x764c0000 - 0x76a3b000 	C:\Windows\System32\SHELL32.dll
0x75790000 - 0x75813000 	C:\Windows\System32\shcore.dll
0x75080000 - 0x75640000 	C:\Windows\System32\windows.storage.dll
0x763e0000 - 0x763fb000 	C:\Windows\System32\profapi.dll
0x76ce0000 - 0x76d23000 	C:\Windows\System32\powrprof.dll
0x75e70000 - 0x75e7d000 	C:\Windows\System32\UMPDC.dll
0x76c80000 - 0x76cc4000 	C:\Windows\System32\shlwapi.dll
0x76370000 - 0x7637f000 	C:\Windows\System32\kernel.appcore.dll
0x74de0000 - 0x74df3000 	C:\Windows\System32\cryptsp.dll
0x6c580000 - 0x6c596000 	C:\Program Files (x86)\Java\jre1.8.0_241\bin\net.dll
0x741d0000 - 0x74222000 	C:\Windows\system32\mswsock.dll
0x6c570000 - 0x6c57f000 	C:\Program Files (x86)\Java\jre1.8.0_241\bin\nio.dll
0x72290000 - 0x722bf000 	C:\Windows\system32\rsaenh.dll
0x75060000 - 0x75079000 	C:\Windows\System32\bcrypt.dll
0x6f460000 - 0x6f47e000 	C:\Windows\SYSTEM32\USERENV.dll
0x746f0000 - 0x74722000 	C:\Windows\SYSTEM32\IPHLPAPI.DLL
0x75640000 - 0x75647000 	C:\Windows\System32\NSI.dll
0x6e0a0000 - 0x6e0b3000 	C:\Windows\SYSTEM32\dhcpcsvc6.DLL
0x6e080000 - 0x6e095000 	C:\Windows\SYSTEM32\dhcpcsvc.DLL
0x6f640000 - 0x6f6d3000 	C:\Windows\SYSTEM32\DNSAPI.dll
0x6e070000 - 0x6e078000 	C:\Windows\System32\rasadhlp.dll
0x6e010000 - 0x6e061000 	C:\Windows\System32\fwpuclnt.dll
0x6c480000 - 0x6c48a000 	C:\Program Files (x86)\Java\jre1.8.0_241\bin\management.dll
0x6f700000 - 0x6f711000 	C:\Windows\system32\napinsp.dll
0x6f6e0000 - 0x6f6f6000 	C:\Windows\system32\pnrpnsp.dll
0x6f630000 - 0x6f63b000 	C:\Windows\System32\winrnr.dll
0x6f610000 - 0x6f626000 	C:\Windows\system32\NLAapi.dll
0x6f600000 - 0x6f610000 	C:\Windows\system32\wshbth.dll
0x684d0000 - 0x6865f000 	C:\Windows\SYSTEM32\dbghelp.dll

VM Arguments:
jvm_args: -Dgoogle.cloud_firestore.debug_log_level=FINE -Duser.language=en 
java_command: C:\Users\Jimmy\.cache\firebase\emulators\cloud-firestore-emulator-v1.11.12.jar --host localhost --port 8080 --rules C:\Users\Jimmy\ReactProjects\chatapp_versions\chatapp_cloud_functions\firestore.rules --functions_emulator localhost:5001
java_class_path (initial): C:\Users\Jimmy\.cache\firebase\emulators\cloud-firestore-emulator-v1.11.12.jar
Launcher Type: SUN_STANDARD

Environment Variables:
PATH=C:\Python39\Scripts\;C:\Python39\;C:\Program Files (x86)\Common Files\Oracle\Java\javapath;C:\Windows\system32;C:\Windows;C:\Windows\System32\Wbem;C:\Windows\System32\WindowsPowerShell\v1.0\;C:\Windows\System32\OpenSSH\;C:\Program Files\Git\cmd;C:\Program Files\PostgreSQL\12\bin;C:\Program Files\PostgreSQL\12\lib;;C:\Program Files\NVIDIA Corporation\NVIDIA NvDLISR;C:\Program Files (x86)\NVIDIA Corporation\PhysX\Common;C:\Program Files\nodejs\;C:\ProgramData\chocolatey\bin;C:\Users\Jimmy\AppData\Local\Programs\Python\Python38-32\Scripts\;C:\Users\Jimmy\AppData\Local\Programs\Python\Python38-32\;C:\Users\Jimmy\AppData\Local\Microsoft\WindowsApps;C:\Program Files\JetBrains\PyCharm 2019.3.1\bin;;C:\Program Files\heroku\bin;C:\Program Files\JetBrains\IntelliJ IDEA 2020.1.1\bin;;C:\Program Files\JetBrains\WebStorm 2020.1.1\bin;;C:\Users\Jimmy\AppData\Local\Programs\Microsoft VS Code\bin;C:\Users\Jimmy\AppData\Roaming\npm;C:\Users\Jimmy\AppData\Local\Programs\MiKTeX\miktex\bin\x64\
USERNAME=Jimmy
OS=Windows_NT
PROCESSOR_IDENTIFIER=Intel64 Family 6 Model 158 Stepping 10, GenuineIntel



---------------  S Y S T E M  ---------------

OS: Windows 10.0 , 64 bit Build 18362 (10.0.18362.1110)

CPU:total 12 (initial active 12) (6 cores per cpu, 2 threads per core) family 6 model 158 stepping 10, cmov, cx8, fxsr, mmx, sse, sse2, sse3, ssse3, sse4.1, sse4.2, popcnt, avx, avx2, aes, clmul, erms, 3dnowpref, lzcnt, ht, tsc, tscinvbit, bmi1, bmi2, adx

Memory: 4k page, physical 16674920k(10043880k free), swap 19165288k(10610876k free)

vm_info: Java HotSpot(TM) Client VM (25.241-b07) for windows-x86 JRE (1.8.0_241-b07), built on Dec 11 2019 10:24:16 by "rejava" with MS VC++ 10.0 (VS2010)

time: Tue Jan 19 17:06:41 2021
timezone: Mountain Standard Time
elapsed time: 18 seconds (0d 0h 0m 18s)

